app/build/outputs/logs/manifest-merger-debug-report.txt
-- Merging decision tree log ---
manifest
ADDED from src\main\AndroidManifest.xml:1:1-30:12
INJECTED from src\main\AndroidManifest.xml:1:1-30:12
INJECTED from src\main\AndroidManifest.xml:1:1-30:12
INJECTED from src\main\AndroidManifest.xml:1:1-30:12
MERGED from [com.google.android.material:material:1.0.0] AndroidManifest.xml:17:1-24:12
MERGED from [androidx.appcompat:appcompat:1.0.0] AndroidManifest.xml:17:1-22:12
MERGED from [com.google.mlkit:face-detection:16.0.0] AndroidManifest.xml:2:1-8:12
MERGED from [com.google.android.gms:play-services-mlkit-face-detection:16.0.0] AndroidManifest.xml:2:1-18:12
MERGED from [com.google.android.gms:play-services-vision-face-contour-internal:16.0.1] AndroidManifest.xml:2:1-9:12
MERGED from [com.google.android.gms:play-services-vision:20.1.0] AndroidManifest.xml:2:1-9:12
MERGED from [com.google.android.gms:play-services-vision-common:19.1.0] AndroidManifest.xml:2:1-9:12
MERGED from [com.google.mlkit:vision-common:16.0.0] AndroidManifest.xml:2:1-18:12
MERGED from [com.google.mlkit:common:16.0.0] AndroidManifest.xml:2:1-26:12
MERGED from [com.google.android.gms:play-services-clearcut:17.0.0] AndroidManifest.xml:17:1-24:12
MERGED from [com.google.android.gms:play-services-flags:17.0.0] AndroidManifest.xml:17:1-22:12
MERGED from [com.google.android.gms:play-services-phenotype:17.0.0] AndroidManifest.xml:17:1-24:12
MERGED from [com.google.android.gms:play-services-base:17.0.0] AndroidManifest.xml:17:1-29:12
MERGED from [com.google.android.gms:play-services-tasks:17.0.0] AndroidManifest.xml:2:1-9:12
MERGED from [com.google.android.gms:play-services-basement:17.0.0] AndroidManifest.xml:17:1-28:12
MERGED from [androidx.fragment:fragment:1.0.0] AndroidManifest.xml:17:1-22:12
MERGED from [androidx.vectordrawable:vectordrawable-animated:1.0.0] AndroidManifest.xml:17:1-22:12
MERGED from [androidx.recyclerview:recyclerview:1.0.0] AndroidManifest.xml:17:1-22:12
MERGED from [androidx.legacy:legacy-support-core-ui:1.0.0] AndroidManifest.xml:17:1-22:12
MERGED from [androidx.coordinatorlayout:coordinatorlayout:1.0.0] AndroidManifest.xml:17:1-22:12
MERGED from [org.tensorflow:tensorflow-lite:0.0.0-nightly] AndroidManifest.xml:2:1-12:12
MERGED from [androidx.legacy:legacy-support-core-utils:1.0.0] AndroidManifest.xml:17:1-22:12
MERGED from [androidx.vectordrawable:vectordrawable:1.0.0] AndroidManifest.xml:17:1-22:12
MERGED from [androidx.viewpager:viewpager:1.0.0] AndroidManifest.xml:17:1-22:12
MERGED from [androidx.drawerlayout:drawerlayout:1.0.0] AndroidManifest.xml:17:1-22:12
MERGED from [androidx.slidingpanelayout:slidingpanelayout:1.0.0] AndroidManifest.xml:17:1-22:12
MERGED from [androidx.customview:customview:1.0.0] AndroidManifest.xml:17:1-22:12
MERGED from [androidx.transition:transition:1.0.0] AndroidManifest.xml:17:1-22:12
MERGED from [androidx.loader:loader:1.0.0] AndroidManifest.xml:17:1-22:12
MERGED from [androidx.swiperefreshlayout:swiperefreshlayout:1.0.0] AndroidManifest.xml:17:1-22:12
MERGED from [androidx.asynclayoutinflater:asynclayoutinflater:1.0.0] AndroidManifest.xml:17:1-22:12
MERGED from [androidx.core:core:1.0.0] AndroidManifest.xml:17:1-24:12
MERGED from [androidx.versionedparcelable:versionedparcelable:1.0.0] AndroidManifest.xml:17:1-25:12
MERGED from [androidx.cursoradapter:cursoradapter:1.0.0] AndroidManifest.xml:17:1-22:12
MERGED from [androidx.cardview:cardview:1.0.0] AndroidManifest.xml:17:1-22:12
MERGED from [androidx.lifecycle:lifecycle-runtime:2.0.0] AndroidManifest.xml:17:1-22:12
MERGED from [androidx.documentfile:documentfile:1.0.0] AndroidManifest.xml:17:1-22:12
MERGED from [androidx.localbroadcastmanager:localbroadcastmanager:1.0.0] AndroidManifest.xml:17:1-22:12
MERGED from [androidx.print:print:1.0.0] AndroidManifest.xml:17:1-22:12
MERGED from [androidx.lifecycle:lifecycle-viewmodel:2.0.0] AndroidManifest.xml:17:1-22:12
MERGED from [androidx.interpolator:interpolator:1.0.0] AndroidManifest.xml:17:1-22:12
MERGED from [com.google.android.datatransport:transport-backend-cct:2.2.2] AndroidManifest.xml:15:1-38:12
MERGED from [com.google.android.datatransport:transport-runtime:2.2.2] AndroidManifest.xml:15:1-41:12
MERGED from [com.google.firebase:firebase-components:16.0.0] AndroidManifest.xml:15:1-23:12
MERGED from [androidx.lifecycle:lifecycle-livedata:2.0.0] AndroidManifest.xml:17:1-22:12
MERGED from [androidx.lifecycle:lifecycle-livedata-core:2.0.0] AndroidManifest.xml:17:1-22:12
MERGED from [androidx.arch.core:core-runtime:2.0.0] AndroidManifest.xml:17:1-22:12
MERGED from [com.google.firebase:firebase-encoders-json:16.1.0] AndroidManifest.xml:15:1-23:12
MERGED from [androidx.exifinterface:exifinterface:1.0.0] AndroidManifest.xml:17:1-22:12
MERGED from [com.google.android.datatransport:transport-api:2.2.0] AndroidManifest.xml:15:1-22:12
INJECTED from src\main\AndroidManifest.xml:1:1-30:12
INJECTED from src\main\AndroidManifest.xml:1:1-30:12
INJECTED from src\main\AndroidManifest.xml:1:1-30:12
	package
		ADDED from src\main\AndroidManifest.xml:2:5-53
		INJECTED from src\main\AndroidManifest.xml
		INJECTED from src\main\AndroidManifest.xml
	android:versionName
		INJECTED from src\main\AndroidManifest.xml
		ADDED from src\main\AndroidManifest.xml:1:1-30:12
		INJECTED from src\main\AndroidManifest.xml
	android:versionCode
		INJECTED from src\main\AndroidManifest.xml
		ADDED from src\main\AndroidManifest.xml:1:1-30:12
		INJECTED from src\main\AndroidManifest.xml
	xmlns:android
		ADDED from src\main\AndroidManifest.xml:1:11-69
uses-sdk
ADDED from src\main\AndroidManifest.xml:4:5-17
INJECTED from src\main\AndroidManifest.xml:4:5-17
INJECTED from src\main\AndroidManifest.xml:4:5-17
MERGED from [com.google.android.material:material:1.0.0] AndroidManifest.xml:20:5-44
MERGED from [com.google.android.material:material:1.0.0] AndroidManifest.xml:20:5-44
MERGED from [androidx.appcompat:appcompat:1.0.0] AndroidManifest.xml:20:5-44
MERGED from [androidx.appcompat:appcompat:1.0.0] AndroidManifest.xml:20:5-44
MERGED from [com.google.mlkit:face-detection:16.0.0] AndroidManifest.xml:6:5-44
MERGED from [com.google.mlkit:face-detection:16.0.0] AndroidManifest.xml:6:5-44
MERGED from [com.google.android.gms:play-services-mlkit-face-detection:16.0.0] AndroidManifest.xml:6:5-44
MERGED from [com.google.android.gms:play-services-mlkit-face-detection:16.0.0] AndroidManifest.xml:6:5-44
MERGED from [com.google.android.gms:play-services-vision-face-contour-internal:16.0.1] AndroidManifest.xml:5:5-44
MERGED from [com.google.android.gms:play-services-vision-face-contour-internal:16.0.1] AndroidManifest.xml:5:5-44
MERGED from [com.google.android.gms:play-services-vision:20.1.0] AndroidManifest.xml:5:5-44
MERGED from [com.google.android.gms:play-services-vision:20.1.0] AndroidManifest.xml:5:5-44
MERGED from [com.google.android.gms:play-services-vision-common:19.1.0] AndroidManifest.xml:5:5-44
MERGED from [com.google.android.gms:play-services-vision-common:19.1.0] AndroidManifest.xml:5:5-44
MERGED from [com.google.mlkit:vision-common:16.0.0] AndroidManifest.xml:6:5-44
MERGED from [com.google.mlkit:vision-common:16.0.0] AndroidManifest.xml:6:5-44
MERGED from [com.google.mlkit:common:16.0.0] AndroidManifest.xml:6:5-44
MERGED from [com.google.mlkit:common:16.0.0] AndroidManifest.xml:6:5-44
MERGED from [com.google.android.gms:play-services-clearcut:17.0.0] AndroidManifest.xml:20:5-44
MERGED from [com.google.android.gms:play-services-clearcut:17.0.0] AndroidManifest.xml:20:5-44
MERGED from [com.google.android.gms:play-services-flags:17.0.0] AndroidManifest.xml:20:5-44
MERGED from [com.google.android.gms:play-services-flags:17.0.0] AndroidManifest.xml:20:5-44
MERGED from [com.google.android.gms:play-services-phenotype:17.0.0] AndroidManifest.xml:20:5-44
MERGED from [com.google.android.gms:play-services-phenotype:17.0.0] AndroidManifest.xml:20:5-44
MERGED from [com.google.android.gms:play-services-base:17.0.0] AndroidManifest.xml:20:5-44
MERGED from [com.google.android.gms:play-services-base:17.0.0] AndroidManifest.xml:20:5-44
MERGED from [com.google.android.gms:play-services-tasks:17.0.0] AndroidManifest.xml:5:5-44
MERGED from [com.google.android.gms:play-services-tasks:17.0.0] AndroidManifest.xml:5:5-44
MERGED from [com.google.android.gms:play-services-basement:17.0.0] AndroidManifest.xml:20:5-44
MERGED from [com.google.android.gms:play-services-basement:17.0.0] AndroidManifest.xml:20:5-44
MERGED from [androidx.fragment:fragment:1.0.0] AndroidManifest.xml:20:5-44
MERGED from [androidx.fragment:fragment:1.0.0] AndroidManifest.xml:20:5-44
MERGED from [androidx.vectordrawable:vectordrawable-animated:1.0.0] AndroidManifest.xml:20:5-44
MERGED from [androidx.vectordrawable:vectordrawable-animated:1.0.0] AndroidManifest.xml:20:5-44
MERGED from [androidx.recyclerview:recyclerview:1.0.0] AndroidManifest.xml:20:5-44
MERGED from [androidx.recyclerview:recyclerview:1.0.0] AndroidManifest.xml:20:5-44
MERGED from [androidx.legacy:legacy-support-core-ui:1.0.0] AndroidManifest.xml:20:5-44
MERGED from [androidx.legacy:legacy-support-core-ui:1.0.0] AndroidManifest.xml:20:5-44
MERGED from [androidx.coordinatorlayout:coordinatorlayout:1.0.0] AndroidManifest.xml:20:5-44
MERGED from [androidx.coordinatorlayout:coordinatorlayout:1.0.0] AndroidManifest.xml:20:5-44
MERGED from [org.tensorflow:tensorflow-lite:0.0.0-nightly] AndroidManifest.xml:7:5-8:41
MERGED from [org.tensorflow:tensorflow-lite:0.0.0-nightly] AndroidManifest.xml:7:5-8:41
MERGED from [androidx.legacy:legacy-support-core-utils:1.0.0] AndroidManifest.xml:20:5-44
MERGED from [androidx.legacy:legacy-support-core-utils:1.0.0] AndroidManifest.xml:20:5-44
MERGED from [androidx.vectordrawable:vectordrawable:1.0.0] AndroidManifest.xml:20:5-44
MERGED from [androidx.vectordrawable:vectordrawable:1.0.0] AndroidManifest.xml:20:5-44
MERGED from [androidx.viewpager:viewpager:1.0.0] AndroidManifest.xml:20:5-44
MERGED from [androidx.viewpager:viewpager:1.0.0] AndroidManifest.xml:20:5-44
MERGED from [androidx.drawerlayout:drawerlayout:1.0.0] AndroidManifest.xml:20:5-44
MERGED from [androidx.drawerlayout:drawerlayout:1.0.0] AndroidManifest.xml:20:5-44
MERGED from [androidx.slidingpanelayout:slidingpanelayout:1.0.0] AndroidManifest.xml:20:5-44
MERGED from [androidx.slidingpanelayout:slidingpanelayout:1.0.0] AndroidManifest.xml:20:5-44
MERGED from [androidx.customview:customview:1.0.0] AndroidManifest.xml:20:5-44
MERGED from [androidx.customview:customview:1.0.0] AndroidManifest.xml:20:5-44
MERGED from [androidx.transition:transition:1.0.0] AndroidManifest.xml:20:5-44
MERGED from [androidx.transition:transition:1.0.0] AndroidManifest.xml:20:5-44
MERGED from [androidx.loader:loader:1.0.0] AndroidManifest.xml:20:5-44
MERGED from [androidx.loader:loader:1.0.0] AndroidManifest.xml:20:5-44
MERGED from [androidx.swiperefreshlayout:swiperefreshlayout:1.0.0] AndroidManifest.xml:20:5-44
MERGED from [androidx.swiperefreshlayout:swiperefreshlayout:1.0.0] AndroidManifest.xml:20:5-44
MERGED from [androidx.asynclayoutinflater:asynclayoutinflater:1.0.0] AndroidManifest.xml:20:5-44
MERGED from [androidx.asynclayoutinflater:asynclayoutinflater:1.0.0] AndroidManifest.xml:20:5-44
MERGED from [androidx.core:core:1.0.0] AndroidManifest.xml:20:5-44
MERGED from [androidx.core:core:1.0.0] AndroidManifest.xml:20:5-44
MERGED from [androidx.versionedparcelable:versionedparcelable:1.0.0] AndroidManifest.xml:20:5-44
MERGED from [androidx.versionedparcelable:versionedparcelable:1.0.0] AndroidManifest.xml:20:5-44
MERGED from [androidx.cursoradapter:cursoradapter:1.0.0] AndroidManifest.xml:20:5-44
MERGED from [androidx.cursoradapter:cursoradapter:1.0.0] AndroidManifest.xml:20:5-44
MERGED from [androidx.cardview:cardview:1.0.0] AndroidManifest.xml:20:5-44
MERGED from [androidx.cardview:cardview:1.0.0] AndroidManifest.xml:20:5-44
MERGED from [androidx.lifecycle:lifecycle-runtime:2.0.0] AndroidManifest.xml:20:5-44
MERGED from [androidx.lifecycle:lifecycle-runtime:2.0.0] AndroidManifest.xml:20:5-44
MERGED from [androidx.documentfile:documentfile:1.0.0] AndroidManifest.xml:20:5-44
MERGED from [androidx.documentfile:documentfile:1.0.0] AndroidManifest.xml:20:5-44
MERGED from [androidx.localbroadcastmanager:localbroadcastmanager:1.0.0] AndroidManifest.xml:20:5-44
MERGED from [androidx.localbroadcastmanager:localbroadcastmanager:1.0.0] AndroidManifest.xml:20:5-44
MERGED from [androidx.print:print:1.0.0] AndroidManifest.xml:20:5-44
MERGED from [androidx.print:print:1.0.0] AndroidManifest.xml:20:5-44
MERGED from [androidx.lifecycle:lifecycle-viewmodel:2.0.0] AndroidManifest.xml:20:5-44
MERGED from [androidx.lifecycle:lifecycle-viewmodel:2.0.0] AndroidManifest.xml:20:5-44
MERGED from [androidx.interpolator:interpolator:1.0.0] AndroidManifest.xml:20:5-44
MERGED from [androidx.interpolator:interpolator:1.0.0] AndroidManifest.xml:20:5-44
MERGED from [com.google.android.datatransport:transport-backend-cct:2.2.2] AndroidManifest.xml:19:5-21:41
MERGED from [com.google.android.datatransport:transport-backend-cct:2.2.2] AndroidManifest.xml:19:5-21:41
MERGED from [com.google.android.datatransport:transport-runtime:2.2.2] AndroidManifest.xml:18:5-20:41
MERGED from [com.google.android.datatransport:transport-runtime:2.2.2] AndroidManifest.xml:18:5-20:41
MERGED from [com.google.firebase:firebase-components:16.0.0] AndroidManifest.xml:19:5-21:41
MERGED from [com.google.firebase:firebase-components:16.0.0] AndroidManifest.xml:19:5-21:41
MERGED from [androidx.lifecycle:lifecycle-livedata:2.0.0] AndroidManifest.xml:20:5-44
MERGED from [androidx.lifecycle:lifecycle-livedata:2.0.0] AndroidManifest.xml:20:5-44
MERGED from [androidx.lifecycle:lifecycle-livedata-core:2.0.0] AndroidManifest.xml:20:5-44
MERGED from [androidx.lifecycle:lifecycle-livedata-core:2.0.0] AndroidManifest.xml:20:5-44
MERGED from [androidx.arch.core:core-runtime:2.0.0] AndroidManifest.xml:20:5-44
MERGED from [androidx.arch.core:core-runtime:2.0.0] AndroidManifest.xml:20:5-44
MERGED from [com.google.firebase:firebase-encoders-json:16.1.0] AndroidManifest.xml:19:5-21:41
MERGED from [com.google.firebase:firebase-encoders-json:16.1.0] AndroidManifest.xml:19:5-21:41
MERGED from [androidx.exifinterface:exifinterface:1.0.0] AndroidManifest.xml:20:5-44
MERGED from [androidx.exifinterface:exifinterface:1.0.0] AndroidManifest.xml:20:5-44
MERGED from [com.google.android.datatransport:transport-api:2.2.0] AndroidManifest.xml:18:5-20:41
MERGED from [com.google.android.datatransport:transport-api:2.2.0] AndroidManifest.xml:18:5-20:41
INJECTED from src\main\AndroidManifest.xml:4:5-17
INJECTED from src\main\AndroidManifest.xml:4:5-17
	android:targetSdkVersion
		INJECTED from src\main\AndroidManifest.xml
		ADDED from src\main\AndroidManifest.xml:4:5-17
		INJECTED from src\main\AndroidManifest.xml
	android:minSdkVersion
		INJECTED from src\main\AndroidManifest.xml
		ADDED from src\main\AndroidManifest.xml:4:5-17
		MERGED from src\main\AndroidManifest.xml:4:5-17
		INJECTED from src\main\AndroidManifest.xml
uses-permission#android.permission.CAMERA
ADDED from src\main\AndroidManifest.xml:6:5-65
	android:name
		ADDED from src\main\AndroidManifest.xml:6:22-62
uses-feature#android.hardware.camera
ADDED from src\main\AndroidManifest.xml:8:5-60
	android:name
		ADDED from src\main\AndroidManifest.xml:8:19-57
uses-feature#android.hardware.camera.autofocus
ADDED from src\main\AndroidManifest.xml:9:5-70
	android:name
		ADDED from src\main\AndroidManifest.xml:9:19-67
application
ADDED from src\main\AndroidManifest.xml:11:5-29:19
MERGED from [com.google.android.material:material:1.0.0] AndroidManifest.xml:22:5-20
MERGED from [com.google.android.material:material:1.0.0] AndroidManifest.xml:22:5-20
MERGED from [com.google.android.gms:play-services-mlkit-face-detection:16.0.0] AndroidManifest.xml:8:5-16:19
MERGED from [com.google.android.gms:play-services-mlkit-face-detection:16.0.0] AndroidManifest.xml:8:5-16:19
MERGED from [com.google.android.gms:play-services-vision-face-contour-internal:16.0.1] AndroidManifest.xml:7:5-20
MERGED from [com.google.android.gms:play-services-vision-face-contour-internal:16.0.1] AndroidManifest.xml:7:5-20
MERGED from [com.google.android.gms:play-services-vision:20.1.0] AndroidManifest.xml:7:5-20
MERGED from [com.google.android.gms:play-services-vision:20.1.0] AndroidManifest.xml:7:5-20
MERGED from [com.google.android.gms:play-services-vision-common:19.1.0] AndroidManifest.xml:7:5-20
MERGED from [com.google.android.gms:play-services-vision-common:19.1.0] AndroidManifest.xml:7:5-20
MERGED from [com.google.mlkit:vision-common:16.0.0] AndroidManifest.xml:8:5-16:19
MERGED from [com.google.mlkit:vision-common:16.0.0] AndroidManifest.xml:8:5-16:19
MERGED from [com.google.mlkit:common:16.0.0] AndroidManifest.xml:8:5-24:19
MERGED from [com.google.mlkit:common:16.0.0] AndroidManifest.xml:8:5-24:19
MERGED from [com.google.android.gms:play-services-clearcut:17.0.0] AndroidManifest.xml:22:5-20
MERGED from [com.google.android.gms:play-services-clearcut:17.0.0] AndroidManifest.xml:22:5-20
MERGED from [com.google.android.gms:play-services-phenotype:17.0.0] AndroidManifest.xml:22:5-20
MERGED from [com.google.android.gms:play-services-phenotype:17.0.0] AndroidManifest.xml:22:5-20
MERGED from [com.google.android.gms:play-services-base:17.0.0] AndroidManifest.xml:22:5-27:19
MERGED from [com.google.android.gms:play-services-base:17.0.0] AndroidManifest.xml:22:5-27:19
MERGED from [com.google.android.gms:play-services-tasks:17.0.0] AndroidManifest.xml:7:5-20
MERGED from [com.google.android.gms:play-services-tasks:17.0.0] AndroidManifest.xml:7:5-20
MERGED from [com.google.android.gms:play-services-basement:17.0.0] AndroidManifest.xml:22:5-26:19
MERGED from [com.google.android.gms:play-services-basement:17.0.0] AndroidManifest.xml:22:5-26:19
MERGED from [org.tensorflow:tensorflow-lite:0.0.0-nightly] AndroidManifest.xml:10:5-20
MERGED from [org.tensorflow:tensorflow-lite:0.0.0-nightly] AndroidManifest.xml:10:5-20
MERGED from [androidx.core:core:1.0.0] AndroidManifest.xml:22:5-89
MERGED from [androidx.core:core:1.0.0] AndroidManifest.xml:22:5-89
MERGED from [androidx.versionedparcelable:versionedparcelable:1.0.0] AndroidManifest.xml:22:5-23:19
MERGED from [androidx.versionedparcelable:versionedparcelable:1.0.0] AndroidManifest.xml:22:5-23:19
MERGED from [com.google.android.datatransport:transport-backend-cct:2.2.2] AndroidManifest.xml:28:5-36:19
MERGED from [com.google.android.datatransport:transport-backend-cct:2.2.2] AndroidManifest.xml:28:5-36:19
MERGED from [com.google.android.datatransport:transport-runtime:2.2.2] AndroidManifest.xml:25:5-39:19
MERGED from [com.google.android.datatransport:transport-runtime:2.2.2] AndroidManifest.xml:25:5-39:19
	android:appComponentFactory
		ADDED from [androidx.core:core:1.0.0] AndroidManifest.xml:22:18-86
	android:supportsRtl
		ADDED from src\main\AndroidManifest.xml:16:9-35
	android:label
		ADDED from src\main\AndroidManifest.xml:14:9-48
	android:roundIcon
		ADDED from src\main\AndroidManifest.xml:15:9-62
	android:icon
		ADDED from src\main\AndroidManifest.xml:13:9-51
	android:allowBackup
		ADDED from src\main\AndroidManifest.xml:12:9-36
	android:theme
		ADDED from src\main\AndroidManifest.xml:17:9-56
activity#org.tensorflow.lite.examples.detection.DetectorActivity
ADDED from src\main\AndroidManifest.xml:19:9-27:20
	android:screenOrientation
		ADDED from src\main\AndroidManifest.xml:22:13-49
	android:label
		ADDED from src\main\AndroidManifest.xml:21:13-52
	android:name
		ADDED from src\main\AndroidManifest.xml:20:13-45
intent-filter#action:name:android.intent.action.MAIN+category:name:android.intent.category.LAUNCHER
ADDED from src\main\AndroidManifest.xml:23:13-26:29
action#android.intent.action.MAIN
ADDED from src\main\AndroidManifest.xml:24:17-69
	android:name
		ADDED from src\main\AndroidManifest.xml:24:25-66
category#android.intent.category.LAUNCHER
ADDED from src\main\AndroidManifest.xml:25:17-77
	android:name
		ADDED from src\main\AndroidManifest.xml:25:27-74
service#com.google.mlkit.common.internal.MlKitComponentDiscoveryService
ADDED from [com.google.android.gms:play-services-mlkit-face-detection:16.0.0] AndroidManifest.xml:9:9-15:19
MERGED from [com.google.mlkit:vision-common:16.0.0] AndroidManifest.xml:9:9-15:19
MERGED from [com.google.mlkit:vision-common:16.0.0] AndroidManifest.xml:9:9-15:19
MERGED from [com.google.mlkit:common:16.0.0] AndroidManifest.xml:15:9-23:19
MERGED from [com.google.mlkit:common:16.0.0] AndroidManifest.xml:15:9-23:19
	android:exported
		ADDED from [com.google.android.gms:play-services-mlkit-face-detection:16.0.0] AndroidManifest.xml:11:13-37
	tools:targetApi
		ADDED from [com.google.mlkit:common:16.0.0] AndroidManifest.xml:19:13-32
	android:directBootAware
		ADDED from [com.google.mlkit:common:16.0.0] AndroidManifest.xml:17:13-43
	android:name
		ADDED from [com.google.android.gms:play-services-mlkit-face-detection:16.0.0] AndroidManifest.xml:10:13-91
meta-data#com.google.firebase.components:com.google.mlkit.vision.face.internal.FaceRegistrar
ADDED from [com.google.android.gms:play-services-mlkit-face-detection:16.0.0] AndroidManifest.xml:12:13-14:85
	android:value
		ADDED from [com.google.android.gms:play-services-mlkit-face-detection:16.0.0] AndroidManifest.xml:14:17-82
	android:name
		ADDED from [com.google.android.gms:play-services-mlkit-face-detection:16.0.0] AndroidManifest.xml:13:17-114
meta-data#com.google.firebase.components:com.google.mlkit.vision.common.internal.VisionCommonRegistrar
ADDED from [com.google.mlkit:vision-common:16.0.0] AndroidManifest.xml:12:13-14:85
	android:value
		ADDED from [com.google.mlkit:vision-common:16.0.0] AndroidManifest.xml:14:17-82
	android:name
		ADDED from [com.google.mlkit:vision-common:16.0.0] AndroidManifest.xml:13:17-124
provider#com.google.mlkit.common.internal.MlKitInitProvider
ADDED from [com.google.mlkit:common:16.0.0] AndroidManifest.xml:9:9-13:38
	android:authorities
		ADDED from [com.google.mlkit:common:16.0.0] AndroidManifest.xml:11:13-69
	android:exported
		ADDED from [com.google.mlkit:common:16.0.0] AndroidManifest.xml:12:13-37
	android:initOrder
		ADDED from [com.google.mlkit:common:16.0.0] AndroidManifest.xml:13:13-35
	android:name
		ADDED from [com.google.mlkit:common:16.0.0] AndroidManifest.xml:10:13-78
meta-data#com.google.firebase.components:com.google.mlkit.common.internal.CommonComponentRegistrar
ADDED from [com.google.mlkit:common:16.0.0] AndroidManifest.xml:20:13-22:85
	android:value
		ADDED from [com.google.mlkit:common:16.0.0] AndroidManifest.xml:22:17-82
	android:name
		ADDED from [com.google.mlkit:common:16.0.0] AndroidManifest.xml:21:17-120
activity#com.google.android.gms.common.api.GoogleApiActivity
ADDED from [com.google.android.gms:play-services-base:17.0.0] AndroidManifest.xml:23:9-26:75
	android:exported
		ADDED from [com.google.android.gms:play-services-base:17.0.0] AndroidManifest.xml:25:13-37
	android:theme
		ADDED from [com.google.android.gms:play-services-base:17.0.0] AndroidManifest.xml:26:13-72
	android:name
		ADDED from [com.google.android.gms:play-services-base:17.0.0] AndroidManifest.xml:24:13-79
meta-data#com.google.android.gms.version
ADDED from [com.google.android.gms:play-services-basement:17.0.0] AndroidManifest.xml:23:9-25:69
	android:value
		ADDED from [com.google.android.gms:play-services-basement:17.0.0] AndroidManifest.xml:25:13-66
	android:name
		ADDED from [com.google.android.gms:play-services-basement:17.0.0] AndroidManifest.xml:24:13-58
uses-permission#android.permission.ACCESS_NETWORK_STATE
ADDED from [com.google.android.datatransport:transport-backend-cct:2.2.2] AndroidManifest.xml:25:5-79
MERGED from [com.google.android.datatransport:transport-runtime:2.2.2] AndroidManifest.xml:22:5-79
MERGED from [com.google.android.datatransport:transport-runtime:2.2.2] AndroidManifest.xml:22:5-79
	android:name
		ADDED from [com.google.android.datatransport:transport-backend-cct:2.2.2] AndroidManifest.xml:25:22-76
uses-permission#android.permission.INTERNET
ADDED from [com.google.android.datatransport:transport-backend-cct:2.2.2] AndroidManifest.xml:26:5-67
	android:name
		ADDED from [com.google.android.datatransport:transport-backend-cct:2.2.2] AndroidManifest.xml:26:22-64
service#com.google.android.datatransport.runtime.backends.TransportBackendDiscovery
ADDED from [com.google.android.datatransport:transport-backend-cct:2.2.2] AndroidManifest.xml:29:9-35:19
MERGED from [com.google.android.datatransport:transport-runtime:2.2.2] AndroidManifest.xml:36:9-38:40
MERGED from [com.google.android.datatransport:transport-runtime:2.2.2] AndroidManifest.xml:36:9-38:40
	android:exported
		ADDED from [com.google.android.datatransport:transport-backend-cct:2.2.2] AndroidManifest.xml:31:13-37
	android:name
		ADDED from [com.google.android.datatransport:transport-backend-cct:2.2.2] AndroidManifest.xml:30:13-103
meta-data#backend:com.google.android.datatransport.cct.CctBackendFactory
ADDED from [com.google.android.datatransport:transport-backend-cct:2.2.2] AndroidManifest.xml:32:13-34:39
	android:value
		ADDED from [com.google.android.datatransport:transport-backend-cct:2.2.2] AndroidManifest.xml:34:17-36
	android:name
		ADDED from [com.google.android.datatransport:transport-backend-cct:2.2.2] AndroidManifest.xml:33:17-94
service#com.google.android.datatransport.runtime.scheduling.jobscheduling.JobInfoSchedulerService
ADDED from [com.google.android.datatransport:transport-runtime:2.2.2] AndroidManifest.xml:26:9-30:19
	android:exported
		ADDED from [com.google.android.datatransport:transport-runtime:2.2.2] AndroidManifest.xml:28:13-37
	android:permission
		ADDED from [com.google.android.datatransport:transport-runtime:2.2.2] AndroidManifest.xml:29:13-69
	android:name
		ADDED from [com.google.android.datatransport:transport-runtime:2.2.2] AndroidManifest.xml:27:13-117
receiver#com.google.android.datatransport.runtime.scheduling.jobscheduling.AlarmManagerSchedulerBroadcastReceiver
ADDED from [com.google.android.datatransport:transport-runtime:2.2.2] AndroidManifest.xml:32:9-34:40
	android:exported
		ADDED from [com.google.android.datatransport:transport-runtime:2.2.2] AndroidManifest.xml:34:13-37
	android:name
		ADDED from [com.google.android.datatransport:transport-runtime:2.2.2] AndroidManifest.xml:33:13-132